SF:/Users/jgartee/principal/workshop/WorkshopCSharpRefactoring/Tennis/Tennis/TennisGame1.cs
FN:16,System.Void Tennis.TennisGame1::WonPoint(System.String)
FNDA:256,System.Void Tennis.TennisGame1::WonPoint(System.String)
DA:17,256
DA:18,256
DA:19,128
DA:21,128
DA:22,256
BRDA:18,14,0,128
BRDA:18,14,1,128
FN:24,System.String Tennis.TennisGame1::GetScore()
FNDA:33,System.String Tennis.TennisGame1::GetScore()
DA:25,33
DA:26,33
DA:27,33
DA:28,33
DA:29,5
DA:30,5
DA:33,1
DA:34,1
DA:36,1
DA:37,1
DA:39,1
DA:40,1
DA:42,2
DA:43,2
DA:46,5
DA:47,28
DA:48,16
DA:49,16
DA:50,19
DA:51,16
DA:52,15
DA:53,5
DA:54,16
DA:56,12
DA:57,72
DA:58,24
DA:59,36
DA:60,48
DA:61,24
DA:64,6
DA:65,6
DA:67,6
DA:68,6
DA:70,6
DA:71,6
DA:73,6
DA:74,6
DA:76,24
DA:77,12
DA:78,33
DA:79,33
BRDA:28,25,0,5
BRDA:30,40,1,1
BRDA:30,40,2,1
BRDA:30,40,3,1
BRDA:30,40,0,2
BRDA:28,25,1,28
BRDA:47,104,0,16
BRDA:47,104,1,12
BRDA:47,125,0,16
BRDA:50,152,0,3
BRDA:50,152,1,13
BRDA:51,171,0,3
BRDA:51,171,1,10
BRDA:52,193,0,5
BRDA:52,193,1,5
BRDA:47,125,1,12
BRDA:57,370,1,24
BRDA:59,234,0,12
BRDA:59,234,1,12
BRDA:61,275,1,6
BRDA:61,275,2,6
BRDA:61,275,3,6
BRDA:61,275,4,6
BRDA:61,275,0,24
BRDA:57,370,0,12
FN:4,System.Void Tennis.TennisGame1::.ctor(System.String,System.String)
FNDA:33,System.Void Tennis.TennisGame1::.ctor(System.String,System.String)
DA:5,33
DA:6,33
DA:10,33
DA:11,33
DA:12,33
DA:13,33
DA:14,33
LF:53
LH:53
BRF:27
BRH:27
FNF:3
FNH:3
end_of_record
SF:/Users/jgartee/principal/workshop/WorkshopCSharpRefactoring/Tennis/Tennis/TennisGame2.cs
FN:20,System.String Tennis.TennisGame2::GetScore()
FNDA:33,System.String Tennis.TennisGame2::GetScore()
DA:21,33
DA:22,33
DA:23,33
DA:24,3
DA:25,3
DA:26,1
DA:27,3
DA:28,1
DA:29,3
DA:30,1
DA:31,3
DA:32,3
DA:33,33
DA:34,2
DA:36,33
DA:37,4
DA:38,4
DA:39,1
DA:40,4
DA:41,1
DA:42,4
DA:43,1
DA:45,4
DA:46,4
DA:47,4
DA:48,33
DA:49,4
DA:50,4
DA:51,1
DA:52,4
DA:53,1
DA:54,4
DA:55,1
DA:57,4
DA:58,4
DA:59,4
DA:61,33
DA:62,6
DA:63,6
DA:64,2
DA:65,6
DA:66,3
DA:67,6
DA:68,2
DA:69,6
DA:70,1
DA:71,6
DA:72,6
DA:73,33
DA:74,6
DA:75,6
DA:76,2
DA:77,6
DA:78,3
DA:79,6
DA:80,2
DA:81,6
DA:82,1
DA:83,6
DA:84,6
DA:86,33
DA:87,5
DA:88,5
DA:89,5
DA:91,33
DA:92,5
DA:93,5
DA:94,5
DA:96,33
DA:97,5
DA:98,5
DA:99,5
DA:100,33
DA:101,5
DA:102,5
DA:103,5
DA:104,33
DA:105,33
BRDA:23,19,0,5
BRDA:23,19,1,28
BRDA:23,35,0,3
BRDA:25,49,0,1
BRDA:25,49,1,3
BRDA:27,68,0,1
BRDA:27,68,1,3
BRDA:29,89,0,1
BRDA:29,89,1,3
BRDA:23,35,1,33
BRDA:33,122,0,5
BRDA:33,122,1,28
BRDA:33,140,0,2
BRDA:33,140,1,33
BRDA:36,155,0,28
BRDA:36,155,1,5
BRDA:36,173,0,4
BRDA:38,189,0,1
BRDA:38,189,1,4
BRDA:40,215,0,1
BRDA:40,215,1,4
BRDA:42,241,0,1
BRDA:42,241,1,4
BRDA:36,173,1,33
BRDA:48,296,0,28
BRDA:48,296,1,5
BRDA:48,314,0,4
BRDA:50,330,0,1
BRDA:50,330,1,4
BRDA:52,356,0,1
BRDA:52,356,1,4
BRDA:54,382,0,1
BRDA:54,382,1,4
BRDA:48,314,1,33
BRDA:61,442,0,14
BRDA:61,442,1,19
BRDA:61,460,0,6
BRDA:63,479,0,2
BRDA:63,479,1,6
BRDA:65,505,0,3
BRDA:65,505,1,6
BRDA:67,531,0,2
BRDA:67,531,1,6
BRDA:69,557,0,1
BRDA:69,557,1,6
BRDA:61,460,1,33
BRDA:73,606,0,14
BRDA:73,606,1,19
BRDA:73,624,0,6
BRDA:75,643,0,2
BRDA:75,643,1,6
BRDA:77,669,0,3
BRDA:77,669,1,6
BRDA:79,695,0,2
BRDA:79,695,1,6
BRDA:81,721,0,1
BRDA:81,721,1,6
BRDA:73,624,1,33
BRDA:86,770,0,14
BRDA:86,770,1,19
BRDA:86,791,0,5
BRDA:86,791,1,33
BRDA:91,813,0,14
BRDA:91,813,1,19
BRDA:91,834,0,5
BRDA:91,834,1,33
BRDA:96,851,0,13
BRDA:96,860,0,13
BRDA:96,851,1,20
BRDA:96,860,1,20
BRDA:96,888,0,5
BRDA:96,888,1,33
BRDA:100,905,0,13
BRDA:100,914,0,13
BRDA:100,905,1,20
BRDA:100,914,1,20
BRDA:100,942,0,5
BRDA:100,942,1,33
FN:107,System.Void Tennis.TennisGame2::SetP1Score(System.Int32)
FNDA:0,System.Void Tennis.TennisGame2::SetP1Score(System.Int32)
DA:108,0
DA:109,0
DA:110,0
DA:111,0
DA:112,0
DA:113,0
BRDA:109,24,1,0
BRDA:109,24,0,0
FN:115,System.Void Tennis.TennisGame2::SetP2Score(System.Int32)
FNDA:0,System.Void Tennis.TennisGame2::SetP2Score(System.Int32)
DA:116,0
DA:117,0
DA:118,0
DA:119,0
DA:120,0
DA:121,0
BRDA:117,24,1,0
BRDA:117,24,0,0
FN:123,System.Void Tennis.TennisGame2::P1Score()
FNDA:128,System.Void Tennis.TennisGame2::P1Score()
DA:124,128
DA:125,128
DA:126,128
FN:128,System.Void Tennis.TennisGame2::P2Score()
FNDA:128,System.Void Tennis.TennisGame2::P2Score()
DA:129,128
DA:130,128
DA:131,128
FN:133,System.Void Tennis.TennisGame2::WonPoint(System.String)
FNDA:256,System.Void Tennis.TennisGame2::WonPoint(System.String)
DA:134,256
DA:135,256
DA:136,128
DA:138,128
DA:139,256
BRDA:135,14,0,128
BRDA:135,14,1,128
FN:7,System.Void Tennis.TennisGame2::.ctor(System.String,System.String)
FNDA:33,System.Void Tennis.TennisGame2::.ctor(System.String,System.String)
DA:8,33
DA:9,33
DA:13,33
DA:14,33
DA:15,33
DA:16,33
DA:17,33
DA:18,33
LF:109
LH:97
BRF:84
BRH:80
FNF:7
FNH:5
end_of_record
SF:/Users/jgartee/principal/workshop/WorkshopCSharpRefactoring/Tennis/Tennis/TennisGame3.cs
FN:16,System.String Tennis.TennisGame3::GetScore()
FNDA:33,System.String Tennis.TennisGame3::GetScore()
DA:17,33
DA:19,33
DA:20,15
DA:21,15
DA:22,15
DA:23,15
DA:26,18
DA:27,18
DA:28,2
DA:29,16
DA:30,16
DA:32,33
BRDA:19,8,0,20
BRDA:19,17,0,16
BRDA:19,8,1,17
BRDA:19,17,1,17
BRDA:19,40,0,15
BRDA:23,103,0,12
BRDA:23,103,1,3
BRDA:19,40,1,18
BRDA:27,159,0,2
BRDA:27,159,1,16
BRDA:29,181,0,8
BRDA:29,181,1,8
BRDA:30,226,0,10
BRDA:30,226,1,6
FN:34,System.Void Tennis.TennisGame3::WonPoint(System.String)
FNDA:256,System.Void Tennis.TennisGame3::WonPoint(System.String)
DA:35,256
DA:36,256
DA:37,128
DA:39,128
DA:40,256
BRDA:36,14,0,128
BRDA:36,14,1,128
FN:9,System.Void Tennis.TennisGame3::.ctor(System.String,System.String)
FNDA:33,System.Void Tennis.TennisGame3::.ctor(System.String,System.String)
DA:10,33
DA:11,33
DA:12,33
DA:13,33
DA:14,33
LF:22
LH:22
BRF:16
BRH:16
FNF:3
FNH:3
end_of_record