SF:/Users/jgartee/principal/workshop/WorkshopCSharpApprovals/BeyondGildedRose/GildedRose/Character.cs
FN:16,System.String GildedRose.Character::ToString()
FNDA:24,System.String GildedRose.Character::ToString()
DA:17,24
DA:18,24
DA:19,24
DA:20,24
DA:21,24
DA:22,24
DA:24,24
FN:9,System.Void GildedRose.Character::.ctor(System.String,System.String,System.Int32,System.String,System.String)
FNDA:48,System.Void GildedRose.Character::.ctor(System.String,System.String,System.Int32,System.String,System.String)
DA:10,48
DA:11,24
DA:12,24
DA:13,24
DA:14,24
DA:15,24
DA:16,24
LF:14
LH:14
BRF:0
BRH:0
FNF:2
FNH:2
end_of_record
SF:/Users/jgartee/principal/workshop/WorkshopCSharpApprovals/BeyondGildedRose/GildedRose/GildedRose.cs
FN:12,System.Void GildedRose.GildedRose::UpdateQuality()
FNDA:24,System.Void GildedRose.GildedRose::UpdateQuality()
DA:13,24
DA:14,96
DA:15,24
DA:16,24
DA:17,24
DA:18,8
DA:19,8
DA:20,4
DA:21,4
DA:22,4
DA:23,4
DA:24,4
DA:25,4
DA:26,8
DA:28,16
DA:29,16
DA:30,16
DA:31,16
DA:33,16
DA:34,8
DA:35,8
DA:36,8
DA:37,8
DA:38,8
DA:39,8
DA:40,8
DA:41,8
DA:43,8
DA:44,8
DA:45,8
DA:46,8
DA:47,8
DA:48,8
DA:49,8
DA:50,8
DA:51,16
DA:52,16
DA:54,24
DA:55,24
DA:56,24
DA:57,24
DA:59,24
DA:60,12
DA:61,12
DA:62,8
DA:63,8
DA:64,4
DA:65,4
DA:66,1
DA:67,1
DA:68,1
DA:69,1
DA:70,1
DA:71,1
DA:72,4
DA:74,4
DA:75,4
DA:76,4
DA:77,8
DA:79,4
DA:80,4
DA:81,4
DA:82,4
DA:83,4
DA:84,4
DA:85,12
DA:86,24
DA:87,24
BRDA:14,752,1,24
BRDA:16,32,0,16
BRDA:16,32,1,8
BRDA:16,62,0,8
BRDA:19,83,0,4
BRDA:21,111,0,4
BRDA:21,111,1,4
BRDA:19,83,1,8
BRDA:16,62,1,16
BRDA:29,172,0,16
BRDA:33,233,0,8
BRDA:35,260,0,8
BRDA:37,284,0,8
BRDA:37,284,1,8
BRDA:35,260,1,8
BRDA:43,337,0,8
BRDA:45,361,0,8
BRDA:45,361,1,8
BRDA:43,337,1,8
BRDA:33,233,1,16
BRDA:29,172,1,16
BRDA:54,424,0,24
BRDA:54,424,1,24
BRDA:59,476,0,12
BRDA:61,509,0,8
BRDA:63,542,0,4
BRDA:65,565,0,1
BRDA:67,595,0,1
BRDA:67,595,1,1
BRDA:65,565,1,4
BRDA:63,542,1,4
BRDA:61,509,1,4
BRDA:80,698,0,4
BRDA:80,698,1,4
BRDA:59,476,1,24
BRDA:14,752,0,24
FN:6,System.Void GildedRose.GildedRose::.ctor(GildedRose.Item[])
FNDA:24,System.Void GildedRose.GildedRose::.ctor(GildedRose.Item[])
DA:7,24
DA:8,24
DA:9,24
DA:10,24
LF:72
LH:72
BRF:36
BRH:36
FNF:2
FNH:2
end_of_record
SF:/Users/jgartee/principal/workshop/WorkshopCSharpApprovals/BeyondGildedRose/GildedRose/Item.cs
FN:35,System.String GildedRose.Item::ToString()
FNDA:24,System.String GildedRose.Item::ToString()
DA:36,24
DA:37,24
DA:38,24
DA:39,24
DA:40,24
DA:41,24
DA:42,24
DA:43,24
DA:44,24
DA:45,24
FN:23,System.Void GildedRose.Item::.ctor(System.String,System.Int32,System.Int32,System.String,System.Int32,System.Int32,GildedRose.Character,GildedRose.Realm)
FNDA:24,System.Void GildedRose.Item::.ctor(System.String,System.Int32,System.Int32,System.String,System.Int32,System.Int32,GildedRose.Character,GildedRose.Realm)
DA:24,24
DA:25,24
DA:26,24
DA:27,24
DA:28,24
DA:29,24
DA:30,24
DA:31,24
DA:32,24
DA:33,24
DA:34,24
LF:21
LH:21
BRF:0
BRH:0
FNF:2
FNH:2
end_of_record
SF:/Users/jgartee/principal/workshop/WorkshopCSharpApprovals/BeyondGildedRose/GildedRose/Realm.cs
FN:9,System.String GildedRose.Realm::ToString()
FNDA:24,System.String GildedRose.Realm::ToString()
DA:10,24
DA:11,24
DA:12,24
FN:5,System.Void GildedRose.Realm::.ctor(System.String)
FNDA:48,System.Void GildedRose.Realm::.ctor(System.String)
DA:6,48
DA:7,24
DA:8,24
LF:6
LH:6
BRF:0
BRH:0
FNF:2
FNH:2
end_of_record