SF:/Users/jgartee/principal/workshop/WorkshopCSharpRefactoring/VideoStore/VideoStore/Customer.cs
FN:7,System.Collections.Generic.List`1<VideoStore.Rental> VideoStore.Customer::get_Rentals()
FNDA:18,System.Collections.Generic.List`1<VideoStore.Rental> VideoStore.Customer::get_Rentals()
DA:8,18
FN:8,System.String VideoStore.Customer::get_Name()
FNDA:9,System.String VideoStore.Customer::get_Name()
DA:9,9
FN:16,System.Void VideoStore.Customer::AddRental(VideoStore.Rental)
FNDA:9,System.Void VideoStore.Customer::AddRental(VideoStore.Rental)
DA:17,9
DA:18,9
DA:19,9
FN:21,System.String VideoStore.Customer::Statement()
FNDA:9,System.String VideoStore.Customer::Statement()
DA:22,9
DA:23,9
DA:24,9
DA:25,9
DA:26,45
DA:27,9
DA:28,9
DA:31,9
DA:34,3
DA:35,3
DA:36,2
DA:37,3
DA:39,3
DA:40,3
DA:42,3
DA:43,3
DA:44,1
DA:45,3
DA:48,9
DA:49,9
DA:50,11
DA:52,9
DA:53,9
DA:54,9
DA:56,9
DA:57,9
DA:58,9
DA:59,9
DA:60,9
DA:61,9
BRDA:26,367,1,9
BRDA:31,94,1,3
BRDA:35,144,0,2
BRDA:31,94,2,3
BRDA:31,94,3,3
BRDA:43,218,0,1
BRDA:31,94,0,9
BRDA:35,144,1,9
BRDA:43,218,1,9
BRDA:49,264,0,3
BRDA:49,264,1,6
BRDA:49,283,0,2
BRDA:49,283,1,9
BRDA:26,367,0,9
FN:10,System.Void VideoStore.Customer::.ctor(System.String)
FNDA:9,System.Void VideoStore.Customer::.ctor(System.String)
DA:11,9
DA:12,9
DA:13,9
DA:14,9
DA:15,9
LF:40
LH:40
BRF:14
BRH:14
FNF:5
FNH:5
end_of_record
SF:/Users/jgartee/principal/workshop/WorkshopCSharpRefactoring/VideoStore/VideoStore/Movie.cs
FN:8,System.String VideoStore.Movie::get_Title()
FNDA:9,System.String VideoStore.Movie::get_Title()
DA:9,9
FN:9,System.Int32 VideoStore.Movie::get_PriceCode()
FNDA:18,System.Int32 VideoStore.Movie::get_PriceCode()
DA:10,18
FN:11,System.Void VideoStore.Movie::.ctor(System.String,System.Int32)
FNDA:9,System.Void VideoStore.Movie::.ctor(System.String,System.Int32)
DA:12,9
DA:13,9
DA:14,9
DA:15,9
DA:16,9
LF:7
LH:7
BRF:0
BRH:0
FNF:3
FNH:3
end_of_record
SF:/Users/jgartee/principal/workshop/WorkshopCSharpRefactoring/VideoStore/VideoStore/Rental.cs
FN:4,VideoStore.Movie VideoStore.Rental::get_Movie()
FNDA:27,VideoStore.Movie VideoStore.Rental::get_Movie()
DA:5,27
FN:5,System.Int32 VideoStore.Rental::get_DaysRented()
FNDA:15,System.Int32 VideoStore.Rental::get_DaysRented()
DA:6,15
FN:7,System.Void VideoStore.Rental::.ctor(VideoStore.Movie,System.Int32)
FNDA:9,System.Void VideoStore.Rental::.ctor(VideoStore.Movie,System.Int32)
DA:8,9
DA:9,9
DA:10,9
DA:11,9
DA:12,9
LF:7
LH:7
BRF:0
BRH:0
FNF:3
FNH:3
end_of_record
SF:/Users/jgartee/principal/workshop/WorkshopCSharpRefactoring/VideoStore/VideoStore/RentalService.cs
FN:7,System.Collections.Generic.List`1<VideoStore.Rental> VideoStore.RentalService::get_Rentals()
FNDA:0,System.Collections.Generic.List`1<VideoStore.Rental> VideoStore.RentalService::get_Rentals()
DA:8,0
LF:1
LH:0
BRF:0
BRH:0
FNF:1
FNH:0
end_of_record